{"contracts/DDAOallocV01.sol":{"l":{"54":124,"56":124,"58":124,"59":124,"60":124,"68":55,"69":49,"74":64,"78":5,"79":4,"80":4,"84":2,"85":2,"86":1,"87":1,"93":14,"97":2,"101":1,"102":1,"103":1,"104":1,"105":1,"109":9,"110":9,"111":9,"112":9,"113":9,"114":9,"115":9,"116":9,"120":10,"124":1,"128":9,"161":12,"162":11,"163":10,"164":9,"166":8,"167":8,"168":8,"169":8,"170":8,"171":8,"172":8,"173":8,"174":8,"176":8,"177":8,"178":8,"179":8,"180":8,"181":8,"182":8,"184":8,"185":8,"186":8,"187":8,"188":8,"189":8,"190":8,"191":8,"193":8,"194":8},"path":"/Users/ideasoft/_development/_projects/dArtflex/DDAOallocV01/contracts/DDAOallocV01.sol","s":{"1":124,"2":124,"3":124,"4":124,"5":124,"6":55,"7":64,"8":5,"9":4,"10":4,"11":2,"12":2,"13":1,"14":1,"15":14,"16":2,"17":1,"18":1,"19":1,"20":1,"21":1,"22":9,"23":9,"24":9,"25":9,"26":9,"27":9,"28":9,"29":9,"30":1,"31":10,"32":1,"33":9,"34":12,"35":11,"36":10,"37":9,"38":8,"39":8,"40":8,"41":8,"42":8,"43":8,"44":8,"45":8,"46":8,"47":8,"48":8,"49":8,"50":8,"51":8,"52":8,"53":8,"54":8,"55":8,"56":8,"57":8,"58":8,"59":8,"60":8,"61":8,"62":8,"63":8},"b":{"1":[49,6],"2":[4,1],"3":[2,0],"4":[1,1],"5":[1,8],"6":[11,1],"7":[10,1],"8":[9,1],"9":[8,1]},"f":{"1":124,"2":55,"3":64,"4":5,"5":2,"6":14,"7":2,"8":1,"9":9,"10":10,"11":1,"12":9,"13":12},"fnMap":{"1":{"name":"constructor","line":52,"loc":{"start":{"line":52,"column":8},"end":{"line":63,"column":1}}},"2":{"name":"onlyAdmin","line":66,"loc":{"start":{"line":66,"column":8},"end":{"line":70,"column":8}}},"3":{"name":"IsAdmin","line":72,"loc":{"start":{"line":72,"column":8},"end":{"line":75,"column":8}}},"4":{"name":"AdminAdd","line":76,"loc":{"start":{"line":76,"column":8},"end":{"line":81,"column":8}}},"5":{"name":"AdminDel","line":82,"loc":{"start":{"line":82,"column":8},"end":{"line":88,"column":8}}},"6":{"name":"TokenAddrSet","line":91,"loc":{"start":{"line":91,"column":8},"end":{"line":94,"column":8}}},"7":{"name":"TokenAllowance","line":95,"loc":{"start":{"line":95,"column":1},"end":{"line":98,"column":1}}},"8":{"name":"TokenInfo","line":99,"loc":{"start":{"line":99,"column":1},"end":{"line":106,"column":1}}},"9":{"name":"SaleModify","line":107,"loc":{"start":{"line":107,"column":1},"end":{"line":117,"column":1}}},"10":{"name":"SaleDisable","line":118,"loc":{"start":{"line":118,"column":1},"end":{"line":121,"column":1}}},"11":{"name":"SaleDisabled","line":122,"loc":{"start":{"line":122,"column":1},"end":{"line":125,"column":1}}},"12":{"name":"LevelMinChange","line":126,"loc":{"start":{"line":126,"column":1},"end":{"line":129,"column":1}}},"13":{"name":"Allocate","line":159,"loc":{"start":{"line":159,"column":1},"end":{"line":195,"column":1}}}},"statementMap":{"1":{"start":{"line":54,"column":9},"end":{"line":54,"column":52}},"2":{"start":{"line":56,"column":2},"end":{"line":56,"column":55}},"3":{"start":{"line":58,"column":2},"end":{"line":58,"column":17}},"4":{"start":{"line":59,"column":2},"end":{"line":59,"column":18}},"5":{"start":{"line":60,"column":2},"end":{"line":60,"column":19}},"6":{"start":{"line":68,"column":16},"end":{"line":68,"column":72}},"7":{"start":{"line":74,"column":16},"end":{"line":74,"column":59}},"8":{"start":{"line":78,"column":16},"end":{"line":78,"column":65}},"9":{"start":{"line":79,"column":16},"end":{"line":79,"column":53}},"10":{"start":{"line":80,"column":16},"end":{"line":80,"column":55}},"11":{"start":{"line":84,"column":16},"end":{"line":84,"column":60}},"12":{"start":{"line":85,"column":16},"end":{"line":85,"column":73}},"13":{"start":{"line":86,"column":16},"end":{"line":86,"column":54}},"14":{"start":{"line":87,"column":16},"end":{"line":87,"column":57}},"15":{"start":{"line":93,"column":16},"end":{"line":93,"column":31}},"16":{"start":{"line":97,"column":2},"end":{"line":97,"column":56}},"17":{"start":{"line":101,"column":2},"end":{"line":101,"column":21}},"18":{"start":{"line":102,"column":2},"end":{"line":102,"column":44}},"19":{"start":{"line":103,"column":2},"end":{"line":103,"column":36}},"20":{"start":{"line":104,"column":2},"end":{"line":104,"column":40}},"21":{"start":{"line":105,"column":2},"end":{"line":105,"column":50}},"22":{"start":{"line":109,"column":2},"end":{"line":109,"column":16}},"23":{"start":{"line":110,"column":2},"end":{"line":110,"column":16}},"24":{"start":{"line":111,"column":2},"end":{"line":111,"column":20}},"25":{"start":{"line":112,"column":2},"end":{"line":112,"column":28}},"26":{"start":{"line":113,"column":2},"end":{"line":113,"column":22}},"27":{"start":{"line":114,"column":2},"end":{"line":114,"column":24}},"28":{"start":{"line":115,"column":2},"end":{"line":115,"column":24}},"29":{"start":{"line":116,"column":2},"end":{"line":116,"column":30}},"30":{"start":{"line":116,"column":18},"end":{"line":116,"column":29}},"31":{"start":{"line":120,"column":2},"end":{"line":120,"column":32}},"32":{"start":{"line":124,"column":2},"end":{"line":124,"column":32}},"33":{"start":{"line":128,"column":2},"end":{"line":128,"column":24}},"34":{"start":{"line":161,"column":2},"end":{"line":161,"column":70}},"35":{"start":{"line":162,"column":16},"end":{"line":162,"column":106}},"36":{"start":{"line":163,"column":2},"end":{"line":163,"column":161}},"37":{"start":{"line":164,"column":2},"end":{"line":164,"column":121}},"38":{"start":{"line":166,"column":2},"end":{"line":166,"column":31}},"39":{"start":{"line":167,"column":2},"end":{"line":167,"column":43}},"40":{"start":{"line":168,"column":2},"end":{"line":168,"column":42}},"41":{"start":{"line":169,"column":2},"end":{"line":169,"column":46}},"42":{"start":{"line":170,"column":2},"end":{"line":170,"column":35}},"43":{"start":{"line":171,"column":2},"end":{"line":171,"column":37}},"44":{"start":{"line":172,"column":2},"end":{"line":172,"column":35}},"45":{"start":{"line":173,"column":2},"end":{"line":173,"column":44}},"46":{"start":{"line":174,"column":2},"end":{"line":174,"column":39}},"47":{"start":{"line":176,"column":2},"end":{"line":176,"column":46}},"48":{"start":{"line":177,"column":2},"end":{"line":177,"column":57}},"49":{"start":{"line":178,"column":2},"end":{"line":178,"column":63}},"50":{"start":{"line":179,"column":2},"end":{"line":179,"column":61}},"51":{"start":{"line":180,"column":2},"end":{"line":180,"column":83}},"52":{"start":{"line":181,"column":2},"end":{"line":181,"column":89}},"53":{"start":{"line":182,"column":2},"end":{"line":182,"column":85}},"54":{"start":{"line":184,"column":2},"end":{"line":184,"column":53}},"55":{"start":{"line":185,"column":2},"end":{"line":185,"column":59}},"56":{"start":{"line":186,"column":2},"end":{"line":186,"column":70}},"57":{"start":{"line":187,"column":2},"end":{"line":187,"column":76}},"58":{"start":{"line":188,"column":2},"end":{"line":188,"column":69}},"59":{"start":{"line":189,"column":2},"end":{"line":189,"column":89}},"60":{"start":{"line":190,"column":2},"end":{"line":190,"column":102}},"61":{"start":{"line":191,"column":2},"end":{"line":191,"column":93}},"62":{"start":{"line":193,"column":16},"end":{"line":193,"column":88}},"63":{"start":{"line":194,"column":2},"end":{"line":194,"column":56}}},"branchMap":{"1":{"line":68,"type":"if","locations":[{"start":{"line":68,"column":16},"end":{"line":68,"column":16}},{"start":{"line":68,"column":16},"end":{"line":68,"column":16}}]},"2":{"line":78,"type":"if","locations":[{"start":{"line":78,"column":16},"end":{"line":78,"column":16}},{"start":{"line":78,"column":16},"end":{"line":78,"column":16}}]},"3":{"line":84,"type":"if","locations":[{"start":{"line":84,"column":16},"end":{"line":84,"column":16}},{"start":{"line":84,"column":16},"end":{"line":84,"column":16}}]},"4":{"line":85,"type":"if","locations":[{"start":{"line":85,"column":16},"end":{"line":85,"column":16}},{"start":{"line":85,"column":16},"end":{"line":85,"column":16}}]},"5":{"line":116,"type":"if","locations":[{"start":{"line":116,"column":2},"end":{"line":116,"column":2}},{"start":{"line":116,"column":2},"end":{"line":116,"column":2}}]},"6":{"line":161,"type":"if","locations":[{"start":{"line":161,"column":2},"end":{"line":161,"column":2}},{"start":{"line":161,"column":2},"end":{"line":161,"column":2}}]},"7":{"line":162,"type":"if","locations":[{"start":{"line":162,"column":16},"end":{"line":162,"column":16}},{"start":{"line":162,"column":16},"end":{"line":162,"column":16}}]},"8":{"line":163,"type":"if","locations":[{"start":{"line":163,"column":2},"end":{"line":163,"column":2}},{"start":{"line":163,"column":2},"end":{"line":163,"column":2}}]},"9":{"line":164,"type":"if","locations":[{"start":{"line":164,"column":2},"end":{"line":164,"column":2}},{"start":{"line":164,"column":2},"end":{"line":164,"column":2}}]}}}}