{"contracts/DDAOallocV01.sol":{"l":{"54":144,"56":144,"58":144,"59":144,"60":144,"68":64,"69":58,"74":74,"78":5,"79":4,"80":4,"84":3,"85":2,"86":1,"87":1,"93":15,"97":2,"101":1,"102":1,"103":1,"104":1,"105":1,"109":13,"110":13,"111":13,"112":13,"113":13,"114":13,"115":13,"116":13,"120":12,"124":1,"128":10,"161":15,"162":14,"163":13,"164":12,"166":11,"167":11,"168":11,"169":11,"170":11,"171":11,"172":11,"173":11,"174":11,"176":11,"177":11,"178":11,"179":11,"180":11,"181":11,"182":11,"184":11,"185":11,"186":11,"187":11,"188":11,"189":11,"190":11,"191":11,"193":11,"194":11},"path":"/Users/ideasoft/_development/_projects/dArtflex/DDAOallocV01/contracts/DDAOallocV01.sol","s":{"1":144,"2":144,"3":144,"4":144,"5":144,"6":64,"7":74,"8":5,"9":4,"10":4,"11":3,"12":2,"13":1,"14":1,"15":15,"16":2,"17":1,"18":1,"19":1,"20":1,"21":1,"22":13,"23":13,"24":13,"25":13,"26":13,"27":13,"28":13,"29":13,"30":2,"31":12,"32":1,"33":10,"34":15,"35":14,"36":13,"37":12,"38":11,"39":11,"40":11,"41":11,"42":11,"43":11,"44":11,"45":11,"46":11,"47":11,"48":11,"49":11,"50":11,"51":11,"52":11,"53":11,"54":11,"55":11,"56":11,"57":11,"58":11,"59":11,"60":11,"61":11,"62":11,"63":11},"b":{"1":[58,6],"2":[4,1],"3":[2,1],"4":[1,1],"5":[2,11],"6":[14,1],"7":[13,1],"8":[12,1],"9":[11,1]},"f":{"1":144,"2":64,"3":74,"4":5,"5":3,"6":15,"7":2,"8":1,"9":13,"10":12,"11":1,"12":10,"13":15},"fnMap":{"1":{"name":"constructor","line":52,"loc":{"start":{"line":52,"column":8},"end":{"line":63,"column":1}}},"2":{"name":"onlyAdmin","line":66,"loc":{"start":{"line":66,"column":8},"end":{"line":70,"column":8}}},"3":{"name":"IsAdmin","line":72,"loc":{"start":{"line":72,"column":8},"end":{"line":75,"column":8}}},"4":{"name":"AdminAdd","line":76,"loc":{"start":{"line":76,"column":8},"end":{"line":81,"column":8}}},"5":{"name":"AdminDel","line":82,"loc":{"start":{"line":82,"column":8},"end":{"line":88,"column":8}}},"6":{"name":"TokenAddrSet","line":91,"loc":{"start":{"line":91,"column":8},"end":{"line":94,"column":8}}},"7":{"name":"TokenAllowance","line":95,"loc":{"start":{"line":95,"column":1},"end":{"line":98,"column":1}}},"8":{"name":"TokenInfo","line":99,"loc":{"start":{"line":99,"column":1},"end":{"line":106,"column":1}}},"9":{"name":"SaleModify","line":107,"loc":{"start":{"line":107,"column":1},"end":{"line":117,"column":1}}},"10":{"name":"SaleDisable","line":118,"loc":{"start":{"line":118,"column":1},"end":{"line":121,"column":1}}},"11":{"name":"SaleDisabled","line":122,"loc":{"start":{"line":122,"column":1},"end":{"line":125,"column":1}}},"12":{"name":"LevelMinChange","line":126,"loc":{"start":{"line":126,"column":1},"end":{"line":129,"column":1}}},"13":{"name":"Allocate","line":159,"loc":{"start":{"line":159,"column":1},"end":{"line":195,"column":1}}}},"statementMap":{"1":{"start":{"line":54,"column":9},"end":{"line":54,"column":52}},"2":{"start":{"line":56,"column":2},"end":{"line":56,"column":55}},"3":{"start":{"line":58,"column":2},"end":{"line":58,"column":18}},"4":{"start":{"line":59,"column":2},"end":{"line":59,"column":19}},"5":{"start":{"line":60,"column":2},"end":{"line":60,"column":19}},"6":{"start":{"line":68,"column":16},"end":{"line":68,"column":72}},"7":{"start":{"line":74,"column":16},"end":{"line":74,"column":59}},"8":{"start":{"line":78,"column":16},"end":{"line":78,"column":65}},"9":{"start":{"line":79,"column":16},"end":{"line":79,"column":53}},"10":{"start":{"line":80,"column":16},"end":{"line":80,"column":55}},"11":{"start":{"line":84,"column":16},"end":{"line":84,"column":60}},"12":{"start":{"line":85,"column":16},"end":{"line":85,"column":73}},"13":{"start":{"line":86,"column":16},"end":{"line":86,"column":54}},"14":{"start":{"line":87,"column":16},"end":{"line":87,"column":57}},"15":{"start":{"line":93,"column":16},"end":{"line":93,"column":31}},"16":{"start":{"line":97,"column":2},"end":{"line":97,"column":56}},"17":{"start":{"line":101,"column":2},"end":{"line":101,"column":21}},"18":{"start":{"line":102,"column":2},"end":{"line":102,"column":44}},"19":{"start":{"line":103,"column":2},"end":{"line":103,"column":36}},"20":{"start":{"line":104,"column":2},"end":{"line":104,"column":40}},"21":{"start":{"line":105,"column":2},"end":{"line":105,"column":50}},"22":{"start":{"line":109,"column":2},"end":{"line":109,"column":16}},"23":{"start":{"line":110,"column":2},"end":{"line":110,"column":16}},"24":{"start":{"line":111,"column":2},"end":{"line":111,"column":20}},"25":{"start":{"line":112,"column":2},"end":{"line":112,"column":28}},"26":{"start":{"line":113,"column":2},"end":{"line":113,"column":22}},"27":{"start":{"line":114,"column":2},"end":{"line":114,"column":24}},"28":{"start":{"line":115,"column":2},"end":{"line":115,"column":24}},"29":{"start":{"line":116,"column":2},"end":{"line":116,"column":30}},"30":{"start":{"line":116,"column":18},"end":{"line":116,"column":29}},"31":{"start":{"line":120,"column":2},"end":{"line":120,"column":32}},"32":{"start":{"line":124,"column":2},"end":{"line":124,"column":32}},"33":{"start":{"line":128,"column":2},"end":{"line":128,"column":24}},"34":{"start":{"line":161,"column":2},"end":{"line":161,"column":70}},"35":{"start":{"line":162,"column":16},"end":{"line":162,"column":106}},"36":{"start":{"line":163,"column":2},"end":{"line":163,"column":161}},"37":{"start":{"line":164,"column":2},"end":{"line":164,"column":121}},"38":{"start":{"line":166,"column":2},"end":{"line":166,"column":31}},"39":{"start":{"line":167,"column":2},"end":{"line":167,"column":43}},"40":{"start":{"line":168,"column":2},"end":{"line":168,"column":42}},"41":{"start":{"line":169,"column":2},"end":{"line":169,"column":46}},"42":{"start":{"line":170,"column":2},"end":{"line":170,"column":35}},"43":{"start":{"line":171,"column":2},"end":{"line":171,"column":37}},"44":{"start":{"line":172,"column":2},"end":{"line":172,"column":35}},"45":{"start":{"line":173,"column":2},"end":{"line":173,"column":44}},"46":{"start":{"line":174,"column":2},"end":{"line":174,"column":39}},"47":{"start":{"line":176,"column":2},"end":{"line":176,"column":46}},"48":{"start":{"line":177,"column":2},"end":{"line":177,"column":57}},"49":{"start":{"line":178,"column":2},"end":{"line":178,"column":63}},"50":{"start":{"line":179,"column":2},"end":{"line":179,"column":61}},"51":{"start":{"line":180,"column":2},"end":{"line":180,"column":83}},"52":{"start":{"line":181,"column":2},"end":{"line":181,"column":89}},"53":{"start":{"line":182,"column":2},"end":{"line":182,"column":85}},"54":{"start":{"line":184,"column":2},"end":{"line":184,"column":53}},"55":{"start":{"line":185,"column":2},"end":{"line":185,"column":59}},"56":{"start":{"line":186,"column":2},"end":{"line":186,"column":70}},"57":{"start":{"line":187,"column":2},"end":{"line":187,"column":76}},"58":{"start":{"line":188,"column":2},"end":{"line":188,"column":69}},"59":{"start":{"line":189,"column":2},"end":{"line":189,"column":89}},"60":{"start":{"line":190,"column":2},"end":{"line":190,"column":102}},"61":{"start":{"line":191,"column":2},"end":{"line":191,"column":93}},"62":{"start":{"line":193,"column":16},"end":{"line":193,"column":88}},"63":{"start":{"line":194,"column":2},"end":{"line":194,"column":56}}},"branchMap":{"1":{"line":68,"type":"if","locations":[{"start":{"line":68,"column":16},"end":{"line":68,"column":16}},{"start":{"line":68,"column":16},"end":{"line":68,"column":16}}]},"2":{"line":78,"type":"if","locations":[{"start":{"line":78,"column":16},"end":{"line":78,"column":16}},{"start":{"line":78,"column":16},"end":{"line":78,"column":16}}]},"3":{"line":84,"type":"if","locations":[{"start":{"line":84,"column":16},"end":{"line":84,"column":16}},{"start":{"line":84,"column":16},"end":{"line":84,"column":16}}]},"4":{"line":85,"type":"if","locations":[{"start":{"line":85,"column":16},"end":{"line":85,"column":16}},{"start":{"line":85,"column":16},"end":{"line":85,"column":16}}]},"5":{"line":116,"type":"if","locations":[{"start":{"line":116,"column":2},"end":{"line":116,"column":2}},{"start":{"line":116,"column":2},"end":{"line":116,"column":2}}]},"6":{"line":161,"type":"if","locations":[{"start":{"line":161,"column":2},"end":{"line":161,"column":2}},{"start":{"line":161,"column":2},"end":{"line":161,"column":2}}]},"7":{"line":162,"type":"if","locations":[{"start":{"line":162,"column":16},"end":{"line":162,"column":16}},{"start":{"line":162,"column":16},"end":{"line":162,"column":16}}]},"8":{"line":163,"type":"if","locations":[{"start":{"line":163,"column":2},"end":{"line":163,"column":2}},{"start":{"line":163,"column":2},"end":{"line":163,"column":2}}]},"9":{"line":164,"type":"if","locations":[{"start":{"line":164,"column":2},"end":{"line":164,"column":2}},{"start":{"line":164,"column":2},"end":{"line":164,"column":2}}]}}}}